2025-05-22 03:40:37,985 - youtube_trans_downloader - INFO - Environment: development
2025-05-22 03:40:37,986 - youtube_trans_downloader - INFO - Starting YouTube Transcript Downloader API
2025-05-22 03:40:37,986 - youtube_trans_downloader - INFO - Environment variables loaded from .env file
2025-05-22 03:40:37,987 - youtube_trans_downloader - INFO - Using SQLite database for development
2025-05-22 03:40:38,469 - youtube_trans_downloader - INFO - Starting server on 0.0.0.0:8000 (reload: True)
2025-05-22 03:40:39,319 - youtube_trans_downloader - INFO - Environment: development
2025-05-22 03:40:39,323 - youtube_trans_downloader - INFO - Starting YouTube Transcript Downloader API
2025-05-22 03:40:39,324 - youtube_trans_downloader - INFO - Environment variables loaded from .env file
2025-05-22 03:40:39,330 - youtube_trans_downloader - INFO - Using SQLite database for development
2025-05-22 03:40:56,953 - youtube_trans_downloader.database - INFO - Using database: sqlite://****
2025-05-22 03:40:57,181 - youtube_trans_downloader.main - INFO - Initializing application...
2025-05-22 03:40:57,320 - youtube_trans_downloader.database - INFO - Database tables created successfully
2025-05-22 03:40:57,320 - youtube_trans_downloader.main - INFO - Application initialized successfully
2025-05-22 19:37:05,369 - youtube_trans_downloader - INFO - Environment: development
2025-05-22 19:37:05,369 - youtube_trans_downloader - INFO - Starting YouTube Transcript Downloader API
2025-05-22 19:37:05,370 - youtube_trans_downloader - INFO - Environment variables loaded from .env file
2025-05-22 19:37:05,370 - youtube_trans_downloader - INFO - Using SQLite database for development
2025-05-22 19:37:05,918 - youtube_trans_downloader - INFO - Starting server on 0.0.0.0:8000 (reload: True)
2025-05-22 19:37:06,117 - youtube_trans_downloader - INFO - Environment: development
2025-05-22 19:37:06,117 - youtube_trans_downloader - INFO - Starting YouTube Transcript Downloader API
2025-05-22 19:37:06,118 - youtube_trans_downloader - INFO - Environment variables loaded from .env file
2025-05-22 19:37:06,118 - youtube_trans_downloader - INFO - Using SQLite database for development
2025-05-22 19:37:13,133 - youtube_trans_downloader.database - INFO - Using database: sqlite://****
2025-05-22 19:37:13,294 - youtube_trans_downloader.main - INFO - Initializing application...
2025-05-22 19:37:13,325 - youtube_trans_downloader.database - INFO - Database tables created successfully
2025-05-22 19:37:13,326 - youtube_trans_downloader.main - INFO - Application initialized successfully
2025-05-22 22:59:07,917 - youtube_trans_downloader - INFO - Environment: development
2025-05-22 22:59:07,919 - youtube_trans_downloader - INFO - Starting YouTube Transcript Downloader API
2025-05-22 22:59:07,920 - youtube_trans_downloader - INFO - Environment variables loaded from .env file
2025-05-22 22:59:07,922 - youtube_trans_downloader - INFO - Using SQLite database for development
2025-05-22 22:59:09,157 - youtube_trans_downloader - INFO - Starting server on 0.0.0.0:8000 (reload: True)
2025-05-22 22:59:09,702 - youtube_trans_downloader - INFO - Environment: development
2025-05-22 22:59:09,704 - youtube_trans_downloader - INFO - Starting YouTube Transcript Downloader API
2025-05-22 22:59:09,704 - youtube_trans_downloader - INFO - Environment variables loaded from .env file
2025-05-22 22:59:09,705 - youtube_trans_downloader - INFO - Using SQLite database for development
2025-05-22 22:59:22,587 - youtube_trans_downloader.database - INFO - Using database: sqlite://****
2025-05-22 22:59:22,826 - youtube_trans_downloader.main - INFO - Initializing application...
2025-05-22 22:59:22,886 - youtube_trans_downloader.database - INFO - Database tables created successfully
2025-05-22 22:59:22,890 - youtube_trans_downloader.main - INFO - Application initialized successfully
2025-05-23 00:46:23,826 - youtube_trans_downloader - INFO - Environment: development
2025-05-23 00:46:23,828 - youtube_trans_downloader - INFO - Starting YouTube Transcript Downloader API
2025-05-23 00:46:23,828 - youtube_trans_downloader - INFO - Environment variables loaded from .env file
2025-05-23 00:46:23,829 - youtube_trans_downloader - INFO - Using SQLite database for development
2025-05-23 00:46:24,564 - youtube_trans_downloader - INFO - Starting server on 0.0.0.0:8000 (reload: True)
2025-05-23 00:46:25,037 - youtube_trans_downloader - INFO - Environment: development
2025-05-23 00:46:25,038 - youtube_trans_downloader - INFO - Starting YouTube Transcript Downloader API
2025-05-23 00:46:25,039 - youtube_trans_downloader - INFO - Environment variables loaded from .env file
2025-05-23 00:46:25,039 - youtube_trans_downloader - INFO - Using SQLite database for development
2025-05-23 00:46:37,482 - youtube_trans_downloader.database - INFO - Using database: sqlite://****
2025-05-23 00:46:37,772 - youtube_trans_downloader.main - INFO - Initializing application...
2025-05-23 00:46:37,824 - youtube_trans_downloader.database - INFO - Database tables created successfully
2025-05-23 00:46:37,825 - youtube_trans_downloader.main - INFO - Application initialized successfully
2025-05-23 22:38:26,698 - youtube_trans_downloader - INFO - Environment: development
2025-05-23 22:38:26,702 - youtube_trans_downloader - INFO - Starting YouTube Transcript Downloader API
2025-05-23 22:38:26,703 - youtube_trans_downloader - INFO - Environment variables loaded from .env file
2025-05-23 22:38:26,704 - youtube_trans_downloader - INFO - Using SQLite database for development
2025-05-23 22:38:27,185 - youtube_trans_downloader - INFO - Starting server on 0.0.0.0:8000 (reload: True)
2025-05-23 22:38:27,355 - youtube_trans_downloader - INFO - Environment: development
2025-05-23 22:38:27,357 - youtube_trans_downloader - INFO - Starting YouTube Transcript Downloader API
2025-05-23 22:38:27,358 - youtube_trans_downloader - INFO - Environment variables loaded from .env file
2025-05-23 22:38:27,358 - youtube_trans_downloader - INFO - Using SQLite database for development
2025-05-23 22:38:34,896 - youtube_trans_downloader.database - INFO - Using database: sqlite://****
2025-05-23 22:38:35,084 - youtube_trans_downloader.main - INFO - Initializing application...
2025-05-23 22:38:35,117 - youtube_trans_downloader.database - INFO - Database tables created successfully
2025-05-23 22:38:35,119 - youtube_trans_downloader.main - INFO - Application initialized successfully
2025-05-24 01:17:13,789 - youtube_trans_downloader - INFO - Environment: development
2025-05-24 01:17:13,793 - youtube_trans_downloader - INFO - Starting YouTube Transcript Downloader API
2025-05-24 01:17:13,794 - youtube_trans_downloader - INFO - Environment variables loaded from .env file
2025-05-24 01:17:13,795 - youtube_trans_downloader - INFO - Using SQLite database for development
2025-05-24 01:17:14,377 - youtube_trans_downloader - INFO - Starting server on 0.0.0.0:8000 (reload: True)
2025-05-24 01:17:14,573 - youtube_trans_downloader - INFO - Environment: development
2025-05-24 01:17:14,574 - youtube_trans_downloader - INFO - Starting YouTube Transcript Downloader API
2025-05-24 01:17:14,574 - youtube_trans_downloader - INFO - Environment variables loaded from .env file
2025-05-24 01:17:14,575 - youtube_trans_downloader - INFO - Using SQLite database for development
2025-05-24 01:17:19,974 - youtube_trans_downloader.database - INFO - Using database: sqlite://****
2025-05-24 01:17:20,106 - youtube_trans_downloader.main - INFO - Initializing application...
2025-05-24 01:17:20,133 - youtube_trans_downloader.database - INFO - Database tables created successfully
2025-05-24 01:17:20,142 - youtube_trans_downloader.main - INFO - Application initialized successfully
2025-05-24 20:24:33,979 - youtube_trans_downloader - INFO - Environment: development
2025-05-24 20:24:33,982 - youtube_trans_downloader - INFO - Starting YouTube Transcript Downloader API
2025-05-24 20:24:33,983 - youtube_trans_downloader - INFO - Environment variables loaded from .env file
2025-05-24 20:24:33,983 - youtube_trans_downloader - INFO - Using SQLite database for development
2025-05-24 20:24:54,566 - youtube_trans_downloader.database - INFO - Using database: sqlite://****
2025-05-24 20:24:54,795 - youtube_trans_downloader.main - INFO - Initializing application...
2025-05-24 20:24:54,842 - youtube_trans_downloader.database - INFO - Database tables created successfully
2025-05-24 20:24:54,843 - youtube_trans_downloader.main - INFO - Application initialized successfully
2025-05-26 21:11:52,364 - youtube_trans_downloader - INFO - Environment: development
2025-05-26 21:11:52,367 - youtube_trans_downloader - INFO - Starting YouTube Transcript Downloader API
2025-05-26 21:11:52,368 - youtube_trans_downloader - INFO - Environment variables loaded from .env file
2025-05-26 21:11:52,368 - youtube_trans_downloader - INFO - Using SQLite database for development
2025-05-26 21:11:52,881 - youtube_trans_downloader - INFO - Starting server on 0.0.0.0:8000 (reload: True)
2025-05-26 21:11:53,079 - youtube_trans_downloader - INFO - Environment: development
2025-05-26 21:11:53,079 - youtube_trans_downloader - INFO - Starting YouTube Transcript Downloader API
2025-05-26 21:11:53,080 - youtube_trans_downloader - INFO - Environment variables loaded from .env file
2025-05-26 21:11:53,080 - youtube_trans_downloader - INFO - Using SQLite database for development
2025-05-26 21:12:01,248 - youtube_trans_downloader.database - INFO - Using database: sqlite://****
2025-05-26 21:12:01,424 - youtube_trans_downloader.main - INFO - Initializing application...
2025-05-26 21:12:01,453 - youtube_trans_downloader.database - INFO - Database tables created successfully
2025-05-26 21:12:01,454 - youtube_trans_downloader.main - INFO - Application initialized successfully
2025-05-26 23:23:13,007 - youtube_trans_downloader.main - WARNING - Failed login attempt for user: OneTechly
2025-05-26 23:23:31,793 - youtube_trans_downloader.main - WARNING - Failed login attempt for user: OneTechly
2025-05-26 23:27:37,877 - youtube_trans_downloader - INFO - Environment: development
2025-05-26 23:27:37,879 - youtube_trans_downloader - INFO - Starting YouTube Transcript Downloader API
2025-05-26 23:27:37,880 - youtube_trans_downloader - INFO - Environment variables loaded from .env file
2025-05-26 23:27:37,881 - youtube_trans_downloader - INFO - Using SQLite database for development
2025-05-26 23:27:38,367 - youtube_trans_downloader - INFO - Starting server on 0.0.0.0:8000 (reload: True)
2025-05-26 23:27:38,528 - youtube_trans_downloader - INFO - Environment: development
2025-05-26 23:27:38,529 - youtube_trans_downloader - INFO - Starting YouTube Transcript Downloader API
2025-05-26 23:27:38,530 - youtube_trans_downloader - INFO - Environment variables loaded from .env file
2025-05-26 23:27:38,530 - youtube_trans_downloader - INFO - Using SQLite database for development
2025-05-26 23:27:42,989 - youtube_trans_downloader.database - INFO - Using database: sqlite://****
2025-05-26 23:27:43,099 - youtube_trans_downloader.main - INFO - Initializing application...
2025-05-26 23:27:43,126 - youtube_trans_downloader.database - INFO - Database tables created successfully
2025-05-26 23:27:43,127 - youtube_trans_downloader.main - INFO - Application initialized successfully
2025-06-10 20:52:13,347 - youtube_trans_downloader - INFO - Environment: development
2025-06-10 20:52:13,347 - youtube_trans_downloader - WARNING - Stripe price IDs (PRO_PRICE_ID, PREMIUM_PRICE_ID) are not set. Subscription creation may fail.
2025-06-10 20:52:13,348 - youtube_trans_downloader - INFO - Starting YouTube Transcript Downloader API
2025-06-10 20:52:13,348 - youtube_trans_downloader - INFO - Environment variables loaded from .env file
2025-06-10 20:52:13,348 - youtube_trans_downloader - INFO - Using SQLite database for development
2025-06-10 20:52:13,865 - youtube_trans_downloader - INFO - Starting server on 0.0.0.0:8000 (reload: True)
2025-06-10 20:52:14,042 - youtube_trans_downloader - INFO - Environment: development
2025-06-10 20:52:14,042 - youtube_trans_downloader - WARNING - Stripe price IDs (PRO_PRICE_ID, PREMIUM_PRICE_ID) are not set. Subscription creation may fail.
2025-06-10 20:52:14,043 - youtube_trans_downloader - INFO - Starting YouTube Transcript Downloader API
2025-06-10 20:52:14,043 - youtube_trans_downloader - INFO - Environment variables loaded from .env file
2025-06-10 20:52:14,043 - youtube_trans_downloader - INFO - Using SQLite database for development
2025-06-10 22:37:38,134 - youtube_trans_downloader - INFO - Environment: development
2025-06-10 22:37:38,135 - youtube_trans_downloader - INFO - Starting YouTube Transcript Downloader API
2025-06-10 22:37:38,135 - youtube_trans_downloader - INFO - Environment variables loaded from .env file
2025-06-10 22:37:38,135 - youtube_trans_downloader - INFO - Using SQLite database for development
2025-06-10 22:37:38,602 - youtube_trans_downloader - INFO - Starting server on 0.0.0.0:8000 (reload: True)
2025-06-10 22:37:38,764 - youtube_trans_downloader - INFO - Environment: development
2025-06-10 22:37:38,765 - youtube_trans_downloader - INFO - Starting YouTube Transcript Downloader API
2025-06-10 22:37:38,765 - youtube_trans_downloader - INFO - Environment variables loaded from .env file
2025-06-10 22:37:38,765 - youtube_trans_downloader - INFO - Using SQLite database for development
2025-06-10 22:38:52,427 - passlib.handlers.bcrypt - WARNING - (trapped) error reading bcrypt version
Traceback (most recent call last):
  File "C:\Users\xiggy\YOUTUBE-TRANSCRIPT-APP\venv\Lib\site-packages\passlib\handlers\bcrypt.py", line 620, in _load_backend_mixin
    version = _bcrypt.__about__.__version__
              ^^^^^^^^^^^^^^^^^
AttributeError: module 'bcrypt' has no attribute '__about__'
2025-06-10 22:38:52,884 - youtube_trans_downloader.main - INFO - User logged in successfully: OneTechly
2025-06-10 22:41:55,050 - youtube_trans_downloader.main - INFO - User logged in successfully: xiggy
2025-06-11 02:20:30,408 - youtube_trans_downloader - INFO - Environment: development
2025-06-11 02:20:30,409 - youtube_trans_downloader - INFO - Starting YouTube Transcript Downloader API
2025-06-11 02:20:30,409 - youtube_trans_downloader - INFO - Environment variables loaded from .env file
2025-06-11 02:20:30,409 - youtube_trans_downloader - INFO - Using SQLite database for development
2025-06-11 02:20:30,892 - youtube_trans_downloader - INFO - Starting server on 0.0.0.0:8000 (reload: True)
2025-06-11 02:20:31,150 - youtube_trans_downloader - INFO - Environment: development
2025-06-11 02:20:31,151 - youtube_trans_downloader - INFO - Starting YouTube Transcript Downloader API
2025-06-11 02:20:31,151 - youtube_trans_downloader - INFO - Environment variables loaded from .env file
2025-06-11 02:20:31,152 - youtube_trans_downloader - INFO - Using SQLite database for development
2025-06-11 02:22:47,789 - passlib.handlers.bcrypt - WARNING - (trapped) error reading bcrypt version
Traceback (most recent call last):
  File "C:\Users\xiggy\YOUTUBE-TRANSCRIPT-APP\venv\Lib\site-packages\passlib\handlers\bcrypt.py", line 620, in _load_backend_mixin
    version = _bcrypt.__about__.__version__
              ^^^^^^^^^^^^^^^^^
AttributeError: module 'bcrypt' has no attribute '__about__'
2025-06-11 02:22:48,144 - youtube_trans_downloader.main - INFO - User logged in successfully: OneTechly
2025-06-11 02:28:17,371 - youtube_trans_downloader.main - WARNING - Failed login attempt for user: bsFGiAF"p84--}K
2025-06-11 02:29:19,846 - youtube_trans_downloader.main - INFO - User logged in successfully: OneTechly
2025-06-11 02:57:49,162 - youtube_trans_downloader - INFO - Environment: development
2025-06-11 02:57:49,163 - youtube_trans_downloader - INFO - Starting YouTube Transcript Downloader API
2025-06-11 02:57:49,163 - youtube_trans_downloader - INFO - Environment variables loaded from .env file
2025-06-11 02:57:49,164 - youtube_trans_downloader - INFO - Using SQLite database for development
2025-06-11 02:57:49,417 - youtube_trans_downloader - INFO - Starting server on 0.0.0.0:8000 (reload: True)
2025-06-11 02:57:49,557 - youtube_trans_downloader - INFO - Environment: development
2025-06-11 02:57:49,557 - youtube_trans_downloader - INFO - Starting YouTube Transcript Downloader API
2025-06-11 02:57:49,558 - youtube_trans_downloader - INFO - Environment variables loaded from .env file
2025-06-11 02:57:49,558 - youtube_trans_downloader - INFO - Using SQLite database for development
2025-06-11 03:00:43,592 - youtube_trans_downloader - INFO - Environment: development
2025-06-11 03:00:43,593 - youtube_trans_downloader - INFO - Starting YouTube Transcript Downloader API
2025-06-11 03:00:43,593 - youtube_trans_downloader - INFO - Environment variables loaded from .env file
2025-06-11 03:00:43,594 - youtube_trans_downloader - INFO - Using SQLite database for development
2025-06-11 03:00:43,800 - youtube_trans_downloader - INFO - Starting server on 0.0.0.0:8000 (reload: True)
2025-06-11 03:00:43,957 - youtube_trans_downloader - INFO - Environment: development
2025-06-11 03:00:43,958 - youtube_trans_downloader - INFO - Starting YouTube Transcript Downloader API
2025-06-11 03:00:43,958 - youtube_trans_downloader - INFO - Environment variables loaded from .env file
2025-06-11 03:00:43,958 - youtube_trans_downloader - INFO - Using SQLite database for development
2025-06-11 03:01:39,788 - passlib.handlers.bcrypt - WARNING - (trapped) error reading bcrypt version
Traceback (most recent call last):
  File "C:\Users\xiggy\YOUTUBE-TRANSCRIPT-APP\venv\Lib\site-packages\passlib\handlers\bcrypt.py", line 620, in _load_backend_mixin
    version = _bcrypt.__about__.__version__
              ^^^^^^^^^^^^^^^^^
AttributeError: module 'bcrypt' has no attribute '__about__'
2025-06-11 03:01:40,138 - youtube_trans_downloader.main - INFO - User logged in successfully: OneTechly
2025-06-11 03:10:26,081 - youtube_trans_downloader - INFO - Environment: development
2025-06-11 03:10:26,081 - youtube_trans_downloader - INFO - Starting YouTube Transcript Downloader API
2025-06-11 03:10:26,082 - youtube_trans_downloader - INFO - Environment variables loaded from .env file
2025-06-11 03:10:26,082 - youtube_trans_downloader - INFO - Using SQLite database for development
2025-06-11 03:12:27,585 - youtube_trans_downloader - INFO - Environment: development
2025-06-11 03:12:27,585 - youtube_trans_downloader - INFO - Starting YouTube Transcript Downloader API
2025-06-11 03:12:27,586 - youtube_trans_downloader - INFO - Environment variables loaded from .env file
2025-06-11 03:12:27,586 - youtube_trans_downloader - INFO - Using SQLite database for development
2025-06-11 03:12:27,788 - youtube_trans_downloader - INFO - Starting server on 0.0.0.0:8000 (reload: True)
2025-06-11 03:12:27,934 - youtube_trans_downloader - INFO - Environment: development
2025-06-11 03:12:27,935 - youtube_trans_downloader - INFO - Starting YouTube Transcript Downloader API
2025-06-11 03:12:27,935 - youtube_trans_downloader - INFO - Environment variables loaded from .env file
2025-06-11 03:12:27,935 - youtube_trans_downloader - INFO - Using SQLite database for development
2025-06-11 03:13:18,324 - passlib.handlers.bcrypt - WARNING - (trapped) error reading bcrypt version
Traceback (most recent call last):
  File "C:\Users\xiggy\YOUTUBE-TRANSCRIPT-APP\venv\Lib\site-packages\passlib\handlers\bcrypt.py", line 620, in _load_backend_mixin
    version = _bcrypt.__about__.__version__
              ^^^^^^^^^^^^^^^^^
AttributeError: module 'bcrypt' has no attribute '__about__'
2025-06-11 03:13:18,660 - youtube_trans_downloader.main - INFO - User logged in successfully: OneTechly
2025-06-11 03:15:33,305 - youtube_trans_downloader - INFO - Environment: development
2025-06-11 03:15:33,306 - youtube_trans_downloader - INFO - Starting YouTube Transcript Downloader API
2025-06-11 03:15:33,306 - youtube_trans_downloader - INFO - Environment variables loaded from .env file
2025-06-11 03:15:33,307 - youtube_trans_downloader - INFO - Using SQLite database for development
2025-06-11 03:19:32,281 - youtube_trans_downloader - INFO - Environment: development
2025-06-11 03:19:32,282 - youtube_trans_downloader - INFO - Starting YouTube Transcript Downloader API
2025-06-11 03:19:32,282 - youtube_trans_downloader - INFO - Environment variables loaded from .env file
2025-06-11 03:19:32,282 - youtube_trans_downloader - INFO - Using SQLite database for development
2025-06-11 03:19:32,467 - youtube_trans_downloader - INFO - Starting server on 0.0.0.0:8000 (reload: True)
2025-06-11 03:19:32,599 - youtube_trans_downloader - INFO - Environment: development
2025-06-11 03:19:32,599 - youtube_trans_downloader - INFO - Starting YouTube Transcript Downloader API
2025-06-11 03:19:32,600 - youtube_trans_downloader - INFO - Environment variables loaded from .env file
2025-06-11 03:19:32,600 - youtube_trans_downloader - INFO - Using SQLite database for development
2025-06-11 03:20:11,815 - youtube_trans_downloader - INFO - Environment: development
2025-06-11 03:20:11,816 - youtube_trans_downloader - INFO - Starting YouTube Transcript Downloader API
2025-06-11 03:20:11,816 - youtube_trans_downloader - INFO - Environment variables loaded from .env file
2025-06-11 03:20:11,816 - youtube_trans_downloader - INFO - Using SQLite database for development
2025-06-11 03:21:45,550 - youtube_trans_downloader - INFO - Environment: development
2025-06-11 03:21:45,551 - youtube_trans_downloader - INFO - Starting YouTube Transcript Downloader API
2025-06-11 03:21:45,551 - youtube_trans_downloader - INFO - Environment variables loaded from .env file
2025-06-11 03:21:45,551 - youtube_trans_downloader - INFO - Using SQLite database for development
2025-06-11 03:21:45,761 - youtube_trans_downloader - INFO - Starting server on 0.0.0.0:8000 (reload: True)
2025-06-11 03:21:45,916 - youtube_trans_downloader - INFO - Environment: development
2025-06-11 03:21:45,917 - youtube_trans_downloader - INFO - Starting YouTube Transcript Downloader API
2025-06-11 03:21:45,917 - youtube_trans_downloader - INFO - Environment variables loaded from .env file
2025-06-11 03:21:45,918 - youtube_trans_downloader - INFO - Using SQLite database for development
2025-06-11 03:22:38,219 - passlib.handlers.bcrypt - WARNING - (trapped) error reading bcrypt version
Traceback (most recent call last):
  File "C:\Users\xiggy\YOUTUBE-TRANSCRIPT-APP\venv\Lib\site-packages\passlib\handlers\bcrypt.py", line 620, in _load_backend_mixin
    version = _bcrypt.__about__.__version__
              ^^^^^^^^^^^^^^^^^
AttributeError: module 'bcrypt' has no attribute '__about__'
2025-06-11 03:22:38,571 - youtube_trans_downloader.main - INFO - User logged in successfully: OneTechly
2025-06-12 00:41:14,861 - youtube_trans_downloader - INFO - Environment: development
2025-06-12 00:41:14,861 - youtube_trans_downloader - INFO - Starting YouTube Transcript Downloader API
2025-06-12 00:41:14,862 - youtube_trans_downloader - INFO - Environment variables loaded from .env file
2025-06-12 00:41:14,862 - youtube_trans_downloader - INFO - Using SQLite database for development
2025-06-12 00:41:15,224 - youtube_trans_downloader - INFO - Starting server on 0.0.0.0:8000 (reload: True)
2025-06-12 00:41:15,413 - youtube_trans_downloader - INFO - Environment: development
2025-06-12 00:41:15,413 - youtube_trans_downloader - INFO - Starting YouTube Transcript Downloader API
2025-06-12 00:41:15,414 - youtube_trans_downloader - INFO - Environment variables loaded from .env file
2025-06-12 00:41:15,414 - youtube_trans_downloader - INFO - Using SQLite database for development
2025-06-12 00:44:41,286 - passlib.handlers.bcrypt - WARNING - (trapped) error reading bcrypt version
Traceback (most recent call last):
  File "C:\Users\xiggy\YOUTUBE-TRANSCRIPT-APP\venv\Lib\site-packages\passlib\handlers\bcrypt.py", line 620, in _load_backend_mixin
    version = _bcrypt.__about__.__version__
              ^^^^^^^^^^^^^^^^^
AttributeError: module 'bcrypt' has no attribute '__about__'
2025-06-12 00:44:41,626 - youtube_trans_downloader.main - INFO - User logged in successfully: OneTechly
2025-06-12 00:45:08,746 - youtube_trans_downloader.main - INFO - Creating payment intent for user 1 with price_id: price_1RTZOEGg8JIA2Tvt7LYf6EB5
2025-06-12 00:45:08,958 - stripe - INFO - message='Request to Stripe api' method=get path=https://api.stripe.com/v1/prices/price_1RTZOEGg8JIA2Tvt7LYf6EB5
2025-06-12 00:45:09,934 - stripe - INFO - message='Stripe API response' path=https://api.stripe.com/v1/prices/price_1RTZOEGg8JIA2Tvt7LYf6EB5 response_code=200
2025-06-12 00:45:09,937 - youtube_trans_downloader.main - INFO - Retrieved price: 999 usd
2025-06-12 00:45:09,937 - youtube_trans_downloader.main - INFO - Plan type: pro
2025-06-12 00:45:09,938 - stripe - INFO - message='Request to Stripe api' method=get path=https://api.stripe.com/v1/customers/cus_STWYI6xyVV9fRB
2025-06-12 00:45:10,128 - stripe - INFO - message='Stripe API response' path=https://api.stripe.com/v1/customers/cus_STWYI6xyVV9fRB response_code=200
2025-06-12 00:45:10,129 - youtube_trans_downloader.main - INFO - Stripe customer: cus_STWYI6xyVV9fRB
2025-06-12 00:45:10,129 - stripe - INFO - message='Request to Stripe api' method=post path=https://api.stripe.com/v1/payment_intents
2025-06-12 00:45:10,452 - stripe - INFO - message='Stripe API response' path=https://api.stripe.com/v1/payment_intents response_code=200
2025-06-12 00:45:11,594 - youtube_trans_downloader.main - INFO - Confirming payment for user 1 with payment_intent: pi_3RZ30lGg8JIA2Tvt1Ow721xT
2025-06-12 00:45:11,594 - stripe - INFO - message='Request to Stripe api' method=get path=https://api.stripe.com/v1/payment_intents/pi_3RZ30lGg8JIA2Tvt1Ow721xT
2025-06-12 00:45:11,834 - stripe - INFO - message='Stripe API response' path=https://api.stripe.com/v1/payment_intents/pi_3RZ30lGg8JIA2Tvt1Ow721xT response_code=200
2025-06-12 00:47:02,783 - youtube_trans_downloader.main - INFO - User logged in successfully: OneTechly
2025-06-12 00:53:01,855 - youtube_trans_downloader.main - INFO - User logged in successfully: OneTechly
2025-06-12 01:04:31,149 - youtube_trans_downloader.main - WARNING - Failed login attempt for user: OneTechly
2025-06-12 20:05:29,018 - youtube_trans_downloader - INFO - Environment: development
2025-06-12 20:05:29,019 - youtube_trans_downloader - INFO - Starting YouTube Transcript Downloader API
2025-06-12 20:05:29,020 - youtube_trans_downloader - INFO - Environment variables loaded from .env file
2025-06-12 20:05:29,020 - youtube_trans_downloader - INFO - Using SQLite database for development
2025-06-12 20:05:29,602 - youtube_trans_downloader - INFO - Starting server on 0.0.0.0:8000 (reload: True)
2025-06-12 20:05:29,806 - youtube_trans_downloader - INFO - Environment: development
2025-06-12 20:05:29,807 - youtube_trans_downloader - INFO - Starting YouTube Transcript Downloader API
2025-06-12 20:05:29,807 - youtube_trans_downloader - INFO - Environment variables loaded from .env file
2025-06-12 20:05:29,807 - youtube_trans_downloader - INFO - Using SQLite database for development
2025-06-12 20:06:11,857 - passlib.handlers.bcrypt - WARNING - (trapped) error reading bcrypt version
Traceback (most recent call last):
  File "C:\Users\xiggy\YOUTUBE-TRANSCRIPT-APP\venv\Lib\site-packages\passlib\handlers\bcrypt.py", line 620, in _load_backend_mixin
    version = _bcrypt.__about__.__version__
              ^^^^^^^^^^^^^^^^^
AttributeError: module 'bcrypt' has no attribute '__about__'
2025-06-12 20:06:12,238 - youtube_trans_downloader.main - INFO - User logged in successfully: OneTechly
2025-06-12 21:34:52,203 - youtube_trans_downloader.main - INFO - User logged in successfully: OneTechly
2025-06-12 21:37:29,276 - youtube_trans_downloader.main - INFO - User logged in successfully: OneTechly
2025-06-12 21:42:47,385 - youtube_trans_downloader.main - INFO - User logged in successfully: OneTechly
2025-06-12 21:58:59,590 - youtube_trans_downloader.main - INFO - User logged in successfully: OneTechly
2025-06-12 23:18:31,740 - youtube_trans_downloader.main - ERROR - Error retrieving transcript for video https://www.youtube.com/shorts/PcE4bFUBSBg: 
Could not retrieve a transcript for the video https://www.youtube.com/watch?v=https://www.youtube.com/shorts/PcE4bFUBSBg! This is most likely caused by:

You provided an invalid video id. Make sure you are using the video id and NOT the url!

Do NOT run: `YouTubeTranscriptApi.get_transcript("https://www.youtube.com/watch?v=1234")`
Instead run: `YouTubeTranscriptApi.get_transcript("1234")`

If you are sure that the described cause is not responsible for this error and that a transcript should be retrievable, please create an issue at https://github.com/jdepoix/youtube-transcript-api/issues. Please add which version of youtube_transcript_api you are using and provide the information needed to replicate the error. Also make sure that there are no open issues which already describe your problem!
2025-06-12 23:18:47,388 - youtube_trans_downloader.main - ERROR - Error retrieving transcript for video https://www.youtube.com/shorts/PcE4bFUBSBg: 
Could not retrieve a transcript for the video https://www.youtube.com/watch?v=https://www.youtube.com/shorts/PcE4bFUBSBg! This is most likely caused by:

You provided an invalid video id. Make sure you are using the video id and NOT the url!

Do NOT run: `YouTubeTranscriptApi.get_transcript("https://www.youtube.com/watch?v=1234")`
Instead run: `YouTubeTranscriptApi.get_transcript("1234")`

If you are sure that the described cause is not responsible for this error and that a transcript should be retrievable, please create an issue at https://github.com/jdepoix/youtube-transcript-api/issues. Please add which version of youtube_transcript_api you are using and provide the information needed to replicate the error. Also make sure that there are no open issues which already describe your problem!
2025-06-12 23:19:52,514 - youtube_trans_downloader.main - ERROR - Error retrieving transcript for video PcE4bFUBSBg: no element found: line 1, column 0
2025-06-12 23:20:01,369 - youtube_trans_downloader.main - ERROR - Error retrieving transcript for video PcE4bFUBSBg: no element found: line 1, column 0
2025-06-12 23:20:28,251 - youtube_trans_downloader.main - ERROR - Error retrieving transcript for video https://www.youtube.com/shorts/PcE4bFUBSBg: 
Could not retrieve a transcript for the video https://www.youtube.com/watch?v=https://www.youtube.com/shorts/PcE4bFUBSBg! This is most likely caused by:

You provided an invalid video id. Make sure you are using the video id and NOT the url!

Do NOT run: `YouTubeTranscriptApi.get_transcript("https://www.youtube.com/watch?v=1234")`
Instead run: `YouTubeTranscriptApi.get_transcript("1234")`

If you are sure that the described cause is not responsible for this error and that a transcript should be retrievable, please create an issue at https://github.com/jdepoix/youtube-transcript-api/issues. Please add which version of youtube_transcript_api you are using and provide the information needed to replicate the error. Also make sure that there are no open issues which already describe your problem!
2025-06-12 23:20:55,402 - youtube_trans_downloader.main - INFO - User logged in successfully: xiggy
2025-06-12 23:21:15,889 - youtube_trans_downloader.main - ERROR - Error retrieving transcript for video https://www.youtube.com/shorts/PcE4bFUBSBg: 
Could not retrieve a transcript for the video https://www.youtube.com/watch?v=https://www.youtube.com/shorts/PcE4bFUBSBg! This is most likely caused by:

You provided an invalid video id. Make sure you are using the video id and NOT the url!

Do NOT run: `YouTubeTranscriptApi.get_transcript("https://www.youtube.com/watch?v=1234")`
Instead run: `YouTubeTranscriptApi.get_transcript("1234")`

If you are sure that the described cause is not responsible for this error and that a transcript should be retrievable, please create an issue at https://github.com/jdepoix/youtube-transcript-api/issues. Please add which version of youtube_transcript_api you are using and provide the information needed to replicate the error. Also make sure that there are no open issues which already describe your problem!
2025-06-12 23:22:42,128 - youtube_trans_downloader.main - INFO - User logged in successfully: xiggy
2025-06-12 23:23:30,302 - youtube_trans_downloader.main - ERROR - Error retrieving transcript for video https://www.youtube.com/shorts/PcE4bFUBSBg: 
Could not retrieve a transcript for the video https://www.youtube.com/watch?v=https://www.youtube.com/shorts/PcE4bFUBSBg! This is most likely caused by:

You provided an invalid video id. Make sure you are using the video id and NOT the url!

Do NOT run: `YouTubeTranscriptApi.get_transcript("https://www.youtube.com/watch?v=1234")`
Instead run: `YouTubeTranscriptApi.get_transcript("1234")`

If you are sure that the described cause is not responsible for this error and that a transcript should be retrievable, please create an issue at https://github.com/jdepoix/youtube-transcript-api/issues. Please add which version of youtube_transcript_api you are using and provide the information needed to replicate the error. Also make sure that there are no open issues which already describe your problem!
2025-06-12 23:23:34,013 - youtube_trans_downloader.main - ERROR - Error retrieving transcript for video https://www.youtube.com/shorts/PcE4bFUBSBg: 
Could not retrieve a transcript for the video https://www.youtube.com/watch?v=https://www.youtube.com/shorts/PcE4bFUBSBg! This is most likely caused by:

You provided an invalid video id. Make sure you are using the video id and NOT the url!

Do NOT run: `YouTubeTranscriptApi.get_transcript("https://www.youtube.com/watch?v=1234")`
Instead run: `YouTubeTranscriptApi.get_transcript("1234")`

If you are sure that the described cause is not responsible for this error and that a transcript should be retrievable, please create an issue at https://github.com/jdepoix/youtube-transcript-api/issues. Please add which version of youtube_transcript_api you are using and provide the information needed to replicate the error. Also make sure that there are no open issues which already describe your problem!
2025-06-12 23:23:40,890 - youtube_trans_downloader.main - ERROR - Error retrieving transcript for video PcE4bFUBSBg: no element found: line 1, column 0
2025-06-12 23:23:45,701 - youtube_trans_downloader.main - ERROR - Error retrieving transcript for video PcE4bFUBSBg: no element found: line 1, column 0
2025-06-13 00:59:25,486 - youtube_trans_downloader.main - INFO - User logged in successfully: OneTechly
2025-06-13 01:00:34,529 - youtube_trans_downloader.main - ERROR - Error retrieving transcript for video Jz8QT8KcXVI: no element found: line 1, column 0
2025-06-13 01:00:54,269 - youtube_trans_downloader.main - ERROR - Error retrieving transcript for video Jz8QT8KcXVI: no element found: line 1, column 0
2025-06-13 01:45:17,524 - youtube_trans_downloader - INFO - Environment: development
2025-06-13 01:45:17,525 - youtube_trans_downloader - INFO - Starting YouTube Transcript Downloader API
2025-06-13 01:45:17,526 - youtube_trans_downloader - INFO - Environment variables loaded from .env file
2025-06-13 01:45:17,526 - youtube_trans_downloader - INFO - Using SQLite database for development
2025-06-13 01:45:18,041 - youtube_trans_downloader - INFO - Starting server on 0.0.0.0:8000 (reload: True)
2025-06-13 01:45:18,202 - youtube_trans_downloader - INFO - Environment: development
2025-06-13 01:45:18,203 - youtube_trans_downloader - INFO - Starting YouTube Transcript Downloader API
2025-06-13 01:45:18,204 - youtube_trans_downloader - INFO - Environment variables loaded from .env file
2025-06-13 01:45:18,204 - youtube_trans_downloader - INFO - Using SQLite database for development
2025-06-13 01:49:17,706 - passlib.handlers.bcrypt - WARNING - (trapped) error reading bcrypt version
Traceback (most recent call last):
  File "C:\Users\xiggy\YOUTUBE-TRANSCRIPT-APP\venv\Lib\site-packages\passlib\handlers\bcrypt.py", line 620, in _load_backend_mixin
    version = _bcrypt.__about__.__version__
              ^^^^^^^^^^^^^^^^^
AttributeError: module 'bcrypt' has no attribute '__about__'
2025-06-13 01:49:18,125 - youtube_trans_downloader.main - INFO - User logged in successfully: OneTechly
2025-06-13 01:49:56,629 - youtube_trans_downloader.main - ERROR - Error retrieving transcript for video PcE4bFUBSBg: no element found: line 1, column 0
2025-06-13 02:01:49,606 - youtube_trans_downloader - INFO - Environment: development
2025-06-13 02:01:49,606 - youtube_trans_downloader - INFO - Starting YouTube Transcript Downloader API
2025-06-13 02:01:49,607 - youtube_trans_downloader - INFO - Environment variables loaded from .env file
2025-06-13 02:01:49,607 - youtube_trans_downloader - INFO - Using SQLite database for development
2025-06-13 02:11:50,024 - youtube_trans_downloader - INFO - Environment: development
2025-06-13 02:11:50,025 - youtube_trans_downloader - INFO - Starting YouTube Transcript Downloader API
2025-06-13 02:11:50,025 - youtube_trans_downloader - INFO - Environment variables loaded from .env file
2025-06-13 02:11:50,026 - youtube_trans_downloader - INFO - Using SQLite database for development
